<?xml version="1.0" encoding="UTF-8"?>
<robot generator="Robot 5.0 (Python 3.10.4 on win32)" generated="20220507 14:51:57.478" rpa="false" schemaversion="3">
<suite id="s1" name="Demo5" source="D:\robotProject\robot_suite\demo5.robot">
<test id="s1-t1" name="Tc3" line="17">
<for flavor="IN">
<var>${i}</var>
<value>@{COLORS}</value>
<iter>
<var name="${i}">red</var>
<kw name="Log" library="BuiltIn">
<arg>${i}</arg>
<doc>Logs the given message with the given level.</doc>
<msg timestamp="20220507 14:51:57.553" level="INFO">red</msg>
<status status="PASS" starttime="20220507 14:51:57.553" endtime="20220507 14:51:57.553"/>
</kw>
<kw name="Log To Console" library="BuiltIn">
<arg>${i}</arg>
<doc>Logs the given message to the console.</doc>
<status status="PASS" starttime="20220507 14:51:57.554" endtime="20220507 14:51:57.554"/>
</kw>
<status status="PASS" starttime="20220507 14:51:57.552" endtime="20220507 14:51:57.554"/>
</iter>
<iter>
<var name="${i}">yellow</var>
<kw name="Log" library="BuiltIn">
<arg>${i}</arg>
<doc>Logs the given message with the given level.</doc>
<msg timestamp="20220507 14:51:57.555" level="INFO">yellow</msg>
<status status="PASS" starttime="20220507 14:51:57.555" endtime="20220507 14:51:57.555"/>
</kw>
<kw name="Log To Console" library="BuiltIn">
<arg>${i}</arg>
<doc>Logs the given message to the console.</doc>
<status status="PASS" starttime="20220507 14:51:57.555" endtime="20220507 14:51:57.557"/>
</kw>
<status status="PASS" starttime="20220507 14:51:57.555" endtime="20220507 14:51:57.557"/>
</iter>
<iter>
<var name="${i}">green</var>
<kw name="Log" library="BuiltIn">
<arg>${i}</arg>
<doc>Logs the given message with the given level.</doc>
<msg timestamp="20220507 14:51:57.558" level="INFO">green</msg>
<status status="PASS" starttime="20220507 14:51:57.557" endtime="20220507 14:51:57.558"/>
</kw>
<kw name="Log To Console" library="BuiltIn">
<arg>${i}</arg>
<doc>Logs the given message to the console.</doc>
<status status="PASS" starttime="20220507 14:51:57.558" endtime="20220507 14:51:57.558"/>
</kw>
<status status="PASS" starttime="20220507 14:51:57.557" endtime="20220507 14:51:57.558"/>
</iter>
<status status="PASS" starttime="20220507 14:51:57.552" endtime="20220507 14:51:57.559"/>
</for>
<status status="PASS" starttime="20220507 14:51:57.551" endtime="20220507 14:51:57.560"/>
</test>
<status status="PASS" starttime="20220507 14:51:57.493" endtime="20220507 14:51:57.563"/>
</suite>
<statistics>
<total>
<stat pass="1" fail="0" skip="0">All Tests</stat>
</total>
<tag>
</tag>
<suite>
<stat pass="1" fail="0" skip="0" id="s1" name="Demo5">Demo5</stat>
</suite>
</statistics>
<errors>
</errors>
</robot>
