<?xml version="1.0" encoding="UTF-8"?>
<robot generator="Robot 5.0 (Python 3.10.4 on win32)" generated="20220506 15:33:56.575" rpa="false" schemaversion="3">
<suite id="s1" name="Demo8 Alert Suit" source="D:\robotProject\selenium_suite\demo8_alert_suit.robot">
<test id="s1-t1" name="Tc1" line="5">
<kw name="Append To Environment Variable" library="OperatingSystem">
<arg>Path</arg>
<arg>D:\\robotProject\\selenium_suite\\driver</arg>
<doc>Appends given ``values`` to environment variable ``name``.</doc>
<msg timestamp="20220506 15:33:57.126" level="INFO">Environment variable 'Path' set to value 'C:\Program Files\Common Files\Oracle\Java\javapath;C:\Windows\system32;C:\Windows;C:\Windows\System32\Wbem;C:\Windows\System32\WindowsPowerShell\v1.0\;C:\Windows\System32\OpenSSH\;C:\Program Files\dotnet\;C:\msys64\mingw64\bin;C;C;C:\Program Files\Git\cmd;C:\Users\pavan\AppData\Local\Programs\Python\Python310\Scripts\;C:\Users\pavan\AppData\Local\Programs\Python\Python310\;C:\Users\pavan\AppData\Local\Microsoft\WindowsApps;C:\Users\pavan\AppData\Local\Programs\Microsoft VS Code\bin;C:\msys64\mingw64\bin;;D:\robotProject\selenium_suite\driver'.</msg>
<status status="PASS" starttime="20220506 15:33:57.126" endtime="20220506 15:33:57.126"/>
</kw>
<kw name="Open Browser" library="SeleniumLibrary">
<arg>browser=gc</arg>
<doc>Opens a new browser instance to the optional ``url``.</doc>
<msg timestamp="20220506 15:33:57.128" level="INFO">Opening browser 'gc' to base url 'None'.</msg>
<status status="PASS" starttime="20220506 15:33:57.127" endtime="20220506 15:34:02.302"/>
</kw>
<kw name="Maximize Browser Window" library="SeleniumLibrary">
<doc>Maximizes current browser window.</doc>
<status status="PASS" starttime="20220506 15:34:02.303" endtime="20220506 15:34:02.432"/>
</kw>
<kw name="Set Selenium Implicit Wait" library="SeleniumLibrary">
<arg>10s</arg>
<doc>Sets the implicit wait value used by Selenium.</doc>
<status status="PASS" starttime="20220506 15:34:02.433" endtime="20220506 15:34:02.435"/>
</kw>
<kw name="Go To" library="SeleniumLibrary">
<arg>url=https://netbanking.hdfcbank.com/netbanking/IpinResetUsingOTP.htm</arg>
<doc>Navigates the current browser window to the provided ``url``.</doc>
<msg timestamp="20220506 15:34:02.436" level="INFO">Opening url 'https://netbanking.hdfcbank.com/netbanking/IpinResetUsingOTP.htm'</msg>
<status status="PASS" starttime="20220506 15:34:02.436" endtime="20220506 15:34:04.889"/>
</kw>
<kw name="Click Element" library="SeleniumLibrary">
<arg>xpath=//img[@alt='Go']</arg>
<doc>Click the element identified by ``locator``.</doc>
<msg timestamp="20220506 15:34:04.891" level="INFO">Clicking element 'xpath=//img[@alt='Go']'.</msg>
<status status="PASS" starttime="20220506 15:34:04.890" endtime="20220506 15:34:05.014"/>
</kw>
<kw name="Handle Alert" library="SeleniumLibrary">
<var>${alert_text}</var>
<arg>action=ACCEPT</arg>
<doc>Handles the current alert and returns its message.</doc>
<msg timestamp="20220506 15:34:05.015" level="INFO">HANDLE::&lt;class 'NoneType'&gt;::None</msg>
<msg timestamp="20220506 15:34:05.023" level="INFO">${alert_text} = Customer ID  cannot be left blank.</msg>
<status status="PASS" starttime="20220506 15:34:05.015" endtime="20220506 15:34:05.023"/>
</kw>
<kw name="Log" library="BuiltIn">
<arg>${alert_text}</arg>
<doc>Logs the given message with the given level.</doc>
<msg timestamp="20220506 15:34:05.024" level="INFO">Customer ID  cannot be left blank.</msg>
<status status="PASS" starttime="20220506 15:34:05.024" endtime="20220506 15:34:05.025"/>
</kw>
<status status="PASS" starttime="20220506 15:33:57.123" endtime="20220506 15:34:05.025"/>
</test>
<status status="PASS" starttime="20220506 15:33:56.579" endtime="20220506 15:34:05.030"/>
</suite>
<statistics>
<total>
<stat pass="1" fail="0" skip="0">All Tests</stat>
</total>
<tag>
</tag>
<suite>
<stat pass="1" fail="0" skip="0" id="s1" name="Demo8 Alert Suit">Demo8 Alert Suit</stat>
</suite>
</statistics>
<errors>
</errors>
</robot>
