<?xml version="1.0" encoding="UTF-8"?>
<robot generator="Robot 5.0 (Python 3.10.4 on win32)" generated="20220507 11:22:16.967" rpa="false" schemaversion="3">
<suite id="s1" name="Demo2" source="D:\robotProject\db_suite\demo2.robot">
<test id="s1-t1" name="Tc1" line="8">
<kw name="Connect To Database" library="DatabaseLibrary" type="SETUP">
<arg>dbapiModuleName=pymysql</arg>
<arg>dbName=dbfree_db</arg>
<arg>dbUsername=dbfree_db</arg>
<arg>dbPassword=12345678</arg>
<arg>dbHost=db4free.net</arg>
<arg>dbPort=3306</arg>
<doc>Loads the DB API 2.0 module given `dbapiModuleName` then uses it to
connect to the database using `dbName`, `dbUsername`, and `dbPassword`.</doc>
<msg timestamp="20220507 11:22:17.155" level="INFO">Connecting using : pymysql.connect(db=dbfree_db, user=dbfree_db, passwd=12345678, host=db4free.net, port=3306, charset=None) </msg>
<status status="PASS" starttime="20220507 11:22:17.045" endtime="20220507 11:22:18.405"/>
</kw>
<kw name="Row Count" library="DatabaseLibrary">
<var>${row_count}</var>
<arg>select * from Products</arg>
<doc>Uses the input `selectStatement` to query the database and returns the number of rows from the query. Set
optional input `sansTran` to True to run command without an explicit transaction commit or rollback.</doc>
<msg timestamp="20220507 11:22:18.405" level="INFO">Executing : Row Count  |  select * from Products </msg>
<msg timestamp="20220507 11:22:19.045" level="INFO">${row_count} = 81</msg>
<status status="PASS" starttime="20220507 11:22:18.405" endtime="20220507 11:22:19.045"/>
</kw>
<kw name="Log To Console" library="BuiltIn">
<arg>${row_count}</arg>
<doc>Logs the given message to the console.</doc>
<status status="PASS" starttime="20220507 11:22:19.045" endtime="20220507 11:22:19.061"/>
</kw>
<kw name="Log" library="BuiltIn">
<arg>${row_count}</arg>
<doc>Logs the given message with the given level.</doc>
<msg timestamp="20220507 11:22:19.061" level="INFO">81</msg>
<status status="PASS" starttime="20220507 11:22:19.061" endtime="20220507 11:22:19.061"/>
</kw>
<kw name="Disconnect From Database" library="DatabaseLibrary" type="TEARDOWN">
<doc>Disconnects from the database.</doc>
<msg timestamp="20220507 11:22:19.061" level="INFO">Executing : Disconnect From Database</msg>
<status status="PASS" starttime="20220507 11:22:19.061" endtime="20220507 11:22:19.061"/>
</kw>
<status status="PASS" starttime="20220507 11:22:17.045" endtime="20220507 11:22:19.061"/>
</test>
<test id="s1-t2" name="Tc2" line="12">
<kw name="Connect To Database" library="DatabaseLibrary" type="SETUP">
<arg>dbapiModuleName=pymysql</arg>
<arg>dbName=dbfree_db</arg>
<arg>dbUsername=dbfree_db</arg>
<arg>dbPassword=12345678</arg>
<arg>dbHost=db4free.net</arg>
<arg>dbPort=3306</arg>
<doc>Loads the DB API 2.0 module given `dbapiModuleName` then uses it to
connect to the database using `dbName`, `dbUsername`, and `dbPassword`.</doc>
<msg timestamp="20220507 11:22:19.061" level="INFO">Connecting using : pymysql.connect(db=dbfree_db, user=dbfree_db, passwd=12345678, host=db4free.net, port=3306, charset=None) </msg>
<status status="PASS" starttime="20220507 11:22:19.061" endtime="20220507 11:22:27.062"/>
</kw>
<kw name="Table Must Exist" library="DatabaseLibrary">
<arg>Products</arg>
<doc>Check if the table given exists in the database. Set optional input `sansTran` to True to run command without an
explicit transaction commit or rollback.</doc>
<msg timestamp="20220507 11:22:27.062" level="INFO">Executing : Table Must Exist  |  Products </msg>
<msg timestamp="20220507 11:22:27.062" level="INFO">Executing : Row Count  |  SELECT * FROM information_schema.tables WHERE table_name='Products' </msg>
<status status="PASS" starttime="20220507 11:22:27.062" endtime="20220507 11:22:29.327"/>
</kw>
<kw name="Row Count Is Equal To X" library="DatabaseLibrary">
<arg>select * from Products</arg>
<arg>81</arg>
<doc>Check if the number of rows returned from `selectStatement` is equal to the value submitted. If not, then this
will throw an AssertionError. Set optional input `sansTran` to True to run command without an explicit
transaction commit or rollback.</doc>
<msg timestamp="20220507 11:22:29.327" level="INFO">Executing : Row Count Is Equal To X  |  select * from Products  |  81 </msg>
<msg timestamp="20220507 11:22:29.327" level="INFO">Executing : Row Count  |  select * from Products </msg>
<status status="PASS" starttime="20220507 11:22:29.327" endtime="20220507 11:22:29.999"/>
</kw>
<kw name="Disconnect From Database" library="DatabaseLibrary" type="TEARDOWN">
<doc>Disconnects from the database.</doc>
<msg timestamp="20220507 11:22:29.999" level="INFO">Executing : Disconnect From Database</msg>
<status status="PASS" starttime="20220507 11:22:29.999" endtime="20220507 11:22:29.999"/>
</kw>
<status status="PASS" starttime="20220507 11:22:19.061" endtime="20220507 11:22:29.999"/>
</test>
<status status="PASS" starttime="20220507 11:22:16.983" endtime="20220507 11:22:29.999"/>
</suite>
<statistics>
<total>
<stat pass="2" fail="0" skip="0">All Tests</stat>
</total>
<tag>
</tag>
<suite>
<stat pass="2" fail="0" skip="0" id="s1" name="Demo2">Demo2</stat>
</suite>
</statistics>
<errors>
</errors>
</robot>
